<?xml version="1.0" encoding="UTF-8"?>
<!-- Generated by org.testng.reporters.JUnitReportReporter -->
<testsuite skipped="0" hostname="DESKTOP-1AU25CC" name="day6.JSONSchemaValidation" tests="1" failures="1" timestamp="16 Apr 2024 15:17:50 GMT" time="5.720" errors="0">
  <testcase name="jsonschemavalidation" time="5.720" classname="day6.JSONSchemaValidation">
    <failure type="java.lang.AssertionError" message="1 expectation failed.
Response body doesn&#039;t match expectation.
Expected: The content to match the given JSON schema.
error: object instance has properties which are not allowed by the schema: [&quot;book&quot;]
    level: &quot;error&quot;
    schema: {&quot;loadingURI&quot;:&quot;file:/C:/Users/Rishi/workspace/Restassured/target/test-classes/store.json#&quot;,&quot;pointer&quot;:&quot;/definitions/Welcome5&quot;}
    instance: {&quot;pointer&quot;:&quot;&quot;}
    domain: &quot;validation&quot;
    keyword: &quot;additionalProperties&quot;
    unwanted: [&quot;book&quot;]
error: object has missing required properties ([&quot;store&quot;])
    level: &quot;error&quot;
    schema: {&quot;loadingURI&quot;:&quot;file:/C:/Users/Rishi/workspace/Restassured/target/test-classes/store.json#&quot;,&quot;pointer&quot;:&quot;/definitions/Welcome5&quot;}
    instance: {&quot;pointer&quot;:&quot;&quot;}
    domain: &quot;validation&quot;
    keyword: &quot;required&quot;
    required: [&quot;store&quot;]
    missing: [&quot;store&quot;]

  Actual: {
  &quot;book&quot;: [
    {
      &quot;author&quot;: &quot;Nigel Rees&quot;,
      &quot;category&quot;: &quot;reference&quot;,
      &quot;price&quot;: 150.5,
      &quot;title&quot;: &quot;Sayings of the Century&quot;
    },
    {
      &quot;author&quot;: &quot;Evelyn Waugh&quot;,
      &quot;category&quot;: &quot;fiction&quot;,
      &quot;price&quot;: 100,
      &quot;title&quot;: &quot;Sword of Honour&quot;
    },
    {
      &quot;author&quot;: &quot;Herman Melville&quot;,
      &quot;category&quot;: &quot;fiction&quot;,
      &quot;isbn&quot;: &quot;0-553-21311-3&quot;,
      &quot;price&quot;: 75.5,
      &quot;title&quot;: &quot;Moby Dick&quot;
    },
    {
      &quot;author&quot;: &quot;J.R.R. Tolkien&quot;,
      &quot;category&quot;: &quot;fiction&quot;,
      &quot;isbn&quot;: &quot;0-395-19395-8&quot;,
      &quot;price&quot;: 200,
      &quot;title&quot;: &quot;The Lord of the Rings&quot;
    }
  ]
}
">
      <![CDATA[java.lang.AssertionError: 1 expectation failed.
Response body doesn't match expectation.
Expected: The content to match the given JSON schema.
error: object instance has properties which are not allowed by the schema: ["book"]
    level: "error"
    schema: {"loadingURI":"file:/C:/Users/Rishi/workspace/Restassured/target/test-classes/store.json#","pointer":"/definitions/Welcome5"}
    instance: {"pointer":""}
    domain: "validation"
    keyword: "additionalProperties"
    unwanted: ["book"]
error: object has missing required properties (["store"])
    level: "error"
    schema: {"loadingURI":"file:/C:/Users/Rishi/workspace/Restassured/target/test-classes/store.json#","pointer":"/definitions/Welcome5"}
    instance: {"pointer":""}
    domain: "validation"
    keyword: "required"
    required: ["store"]
    missing: ["store"]

  Actual: {
  "book": [
    {
      "author": "Nigel Rees",
      "category": "reference",
      "price": 150.5,
      "title": "Sayings of the Century"
    },
    {
      "author": "Evelyn Waugh",
      "category": "fiction",
      "price": 100,
      "title": "Sword of Honour"
    },
    {
      "author": "Herman Melville",
      "category": "fiction",
      "isbn": "0-553-21311-3",
      "price": 75.5,
      "title": "Moby Dick"
    },
    {
      "author": "J.R.R. Tolkien",
      "category": "fiction",
      "isbn": "0-395-19395-8",
      "price": 200,
      "title": "The Lord of the Rings"
    }
  ]
}

at sun.reflect.NativeConstructorAccessorImpl.newInstance0(Native Method)
at sun.reflect.NativeConstructorAccessorImpl.newInstance(NativeConstructorAccessorImpl.java:62)
at sun.reflect.DelegatingConstructorAccessorImpl.newInstance(DelegatingConstructorAccessorImpl.java:45)
at java.lang.reflect.Constructor.newInstance(Constructor.java:423)
at org.codehaus.groovy.reflection.CachedConstructor.invoke(CachedConstructor.java:73)
at org.codehaus.groovy.reflection.CachedConstructor.doConstructorInvoke(CachedConstructor.java:60)
at org.codehaus.groovy.runtime.callsite.ConstructorSite$ConstructorSiteNoUnwrap.callConstructor(ConstructorSite.java:86)
at org.codehaus.groovy.runtime.callsite.CallSiteArray.defaultCallConstructor(CallSiteArray.java:57)
at org.codehaus.groovy.runtime.callsite.AbstractCallSite.callConstructor(AbstractCallSite.java:263)
at org.codehaus.groovy.runtime.callsite.AbstractCallSite.callConstructor(AbstractCallSite.java:277)
at io.restassured.internal.ResponseSpecificationImpl$HamcrestAssertionClosure.validate(ResponseSpecificationImpl.groovy:512)
at io.restassured.internal.ResponseSpecificationImpl$HamcrestAssertionClosure$validate$1.call(Unknown Source)
at org.codehaus.groovy.runtime.callsite.CallSiteArray.defaultCall(CallSiteArray.java:45)
at org.codehaus.groovy.runtime.callsite.AbstractCallSite.call(AbstractCallSite.java:125)
at org.codehaus.groovy.runtime.callsite.AbstractCallSite.call(AbstractCallSite.java:139)
at io.restassured.internal.ResponseSpecificationImpl.validateResponseIfRequired(ResponseSpecificationImpl.groovy:696)
at io.restassured.internal.ResponseSpecificationImpl.this$2$validateResponseIfRequired(ResponseSpecificationImpl.groovy)
at sun.reflect.NativeMethodAccessorImpl.invoke0(Native Method)
at sun.reflect.NativeMethodAccessorImpl.invoke(NativeMethodAccessorImpl.java:62)
at sun.reflect.DelegatingMethodAccessorImpl.invoke(DelegatingMethodAccessorImpl.java:43)
at java.lang.reflect.Method.invoke(Method.java:498)
at org.codehaus.groovy.runtime.callsite.PlainObjectMetaMethodSite.doInvoke(PlainObjectMetaMethodSite.java:43)
at org.codehaus.groovy.runtime.callsite.PogoMetaMethodSite$PogoCachedMethodSiteNoUnwrapNoCoerce.invoke(PogoMetaMethodSite.java:198)
at org.codehaus.groovy.runtime.callsite.PogoMetaMethodSite.callCurrent(PogoMetaMethodSite.java:62)
at org.codehaus.groovy.runtime.callsite.CallSiteArray.defaultCallCurrent(CallSiteArray.java:49)
at org.codehaus.groovy.runtime.callsite.AbstractCallSite.callCurrent(AbstractCallSite.java:171)
at org.codehaus.groovy.runtime.callsite.AbstractCallSite.callCurrent(AbstractCallSite.java:185)
at io.restassured.internal.ResponseSpecificationImpl.body(ResponseSpecificationImpl.groovy:107)
at io.restassured.internal.ValidatableResponseOptionsImpl.body(ValidatableResponseOptionsImpl.java:238)
at day6.JSONSchemaValidation.jsonschemavalidation(JSONSchemaValidation.java:21)
at sun.reflect.NativeMethodAccessorImpl.invoke0(Native Method)
at sun.reflect.NativeMethodAccessorImpl.invoke(NativeMethodAccessorImpl.java:62)
at sun.reflect.DelegatingMethodAccessorImpl.invoke(DelegatingMethodAccessorImpl.java:43)
at java.lang.reflect.Method.invoke(Method.java:498)
at org.testng.internal.MethodInvocationHelper.invokeMethod(MethodInvocationHelper.java:124)
at org.testng.internal.Invoker.invokeMethod(Invoker.java:583)
at org.testng.internal.Invoker.invokeTestMethod(Invoker.java:719)
at org.testng.internal.Invoker.invokeTestMethods(Invoker.java:989)
at org.testng.internal.TestMethodWorker.invokeTestMethods(TestMethodWorker.java:125)
at org.testng.internal.TestMethodWorker.run(TestMethodWorker.java:109)
at org.testng.TestRunner.privateRun(TestRunner.java:648)
at org.testng.TestRunner.run(TestRunner.java:505)
at org.testng.SuiteRunner.runTest(SuiteRunner.java:455)
at org.testng.SuiteRunner.runSequentially(SuiteRunner.java:450)
at org.testng.SuiteRunner.privateRun(SuiteRunner.java:415)
at org.testng.SuiteRunner.run(SuiteRunner.java:364)
at org.testng.SuiteRunnerWorker.runSuite(SuiteRunnerWorker.java:52)
at org.testng.SuiteRunnerWorker.run(SuiteRunnerWorker.java:84)
at org.testng.TestNG.runSuitesSequentially(TestNG.java:1208)
at org.testng.TestNG.runSuitesLocally(TestNG.java:1137)
at org.testng.TestNG.runSuites(TestNG.java:1049)
at org.testng.TestNG.run(TestNG.java:1017)
at org.testng.remote.AbstractRemoteTestNG.run(AbstractRemoteTestNG.java:114)
at org.testng.remote.RemoteTestNG.initAndRun(RemoteTestNG.java:251)
at org.testng.remote.RemoteTestNG.main(RemoteTestNG.java:77)
]]>
    </failure>
  </testcase> <!-- jsonschemavalidation -->
</testsuite> <!-- day6.JSONSchemaValidation -->
